{"name":"test03","id":"com.virgin.games.testsuite.UserExtractionGBPTest:test03","testCaseName":"com.virgin.games.testsuite.UserExtractionGBPTest","userStory":{"id":"com.virgin.games.testsuite.UserExtractionGBPTest","storyName":"User extraction GBP test","storyClassName":"com.virgin.games.testsuite.UserExtractionGBPTest","path":"com.virgin.games.testsuite","type":"story"},"featureTag":{"name":"Testsuite/User extraction GBP test","type":"story"},"title":"Verify the amount \u003d 3038.76 of forth id","tags":[{"name":"Testsuite/User extraction GBP test","type":"story"}],"startTime":"2023-06-17T18:41:32.189+01:00[Europe/London]","duration":558,"testFailureCause":{"errorType":"java.lang.AssertionError","message":"1 expectation failed.\nJSON path data.pots[3].amount doesn\u0027t match.\nExpected: 3038.76\n  Actual: 3038.76\n","stackTrace":[{"declaringClass":"io.restassured.internal.ResponseSpecificationImpl","methodName":"validateResponseIfRequired","fileName":"ResponseSpecificationImpl.groovy","lineNumber":636},{"declaringClass":"io.restassured.internal.ResponseSpecificationImpl","methodName":"content","fileName":"ResponseSpecificationImpl.groovy","lineNumber":265},{"declaringClass":"io.restassured.internal.ResponseSpecificationImpl","methodName":"body","fileName":"ResponseSpecificationImpl.groovy","lineNumber":248},{"declaringClass":"io.restassured.internal.ValidatableResponseOptionsImpl","methodName":"body","fileName":"ValidatableResponseOptionsImpl.java","lineNumber":268},{"declaringClass":"com.virgin.games.testsuite.UserExtractionGBPTest","methodName":"test03","fileName":"UserExtractionGBPTest.java","lineNumber":58}]},"testFailureClassname":"java.lang.AssertionError","testFailureMessage":"1 expectation failed.\nJSON path data.pots[3].amount doesn\u0027t match.\nExpected: 3038.76\n  Actual: 3038.76\n","testFailureSummary":"FAILURE;java.lang.AssertionError;1 expectation failed.\nJSON path data.pots[3].amount doesn\u0027t match.\nExpected: 3038.76\n  Actual: 3038.76\n;ResponseSpecificationImpl.groovy","projectKey":"","annotatedResult":"FAILURE","manual":false,"testSource":"JUnit","result":"FAILURE"}