{"name":"test02","id":"com.virgin.games.testsuite.UserAssertionTest:test02","testCaseName":"com.virgin.games.testsuite.UserAssertionTest","userStory":{"id":"com.virgin.games.testsuite.UserAssertionTest","storyName":"User assertion test","storyClassName":"com.virgin.games.testsuite.UserAssertionTest","path":"com.virgin.games.testsuite","type":"story"},"featureTag":{"name":"Testsuite/User assertion test","type":"story"},"title":"Verify the if the total is equal to 7","tags":[{"name":"Testsuite/User assertion test","type":"story"}],"startTime":"2023-06-17T18:25:33.735+01:00[Europe/London]","duration":822,"testFailureCause":{"errorType":"java.lang.AssertionError","message":"1 expectation failed.\nJSON path data.pots.id doesn\u0027t match.\nExpected: \u003c7\u003e\n  Actual: [309, 3544, 5323]\n","stackTrace":[{"declaringClass":"io.restassured.internal.ResponseSpecificationImpl","methodName":"validateResponseIfRequired","fileName":"ResponseSpecificationImpl.groovy","lineNumber":636},{"declaringClass":"io.restassured.internal.ResponseSpecificationImpl","methodName":"content","fileName":"ResponseSpecificationImpl.groovy","lineNumber":265},{"declaringClass":"io.restassured.internal.ResponseSpecificationImpl","methodName":"body","fileName":"ResponseSpecificationImpl.groovy","lineNumber":248},{"declaringClass":"io.restassured.internal.ValidatableResponseOptionsImpl","methodName":"body","fileName":"ValidatableResponseOptionsImpl.java","lineNumber":268},{"declaringClass":"com.virgin.games.testsuite.UserAssertionTest","methodName":"test02","fileName":"UserAssertionTest.java","lineNumber":40}]},"testFailureClassname":"java.lang.AssertionError","testFailureMessage":"1 expectation failed.\nJSON path data.pots.id doesn\u0027t match.\nExpected: \u003c7\u003e\n  Actual: [309, 3544, 5323]\n","testFailureSummary":"FAILURE;java.lang.AssertionError;1 expectation failed.\nJSON path data.pots.id doesn\u0027t match.\nExpected: \u003c7\u003e\n  Actual: [309, 3544, 5323]\n;ResponseSpecificationImpl.groovy","projectKey":"","annotatedResult":"FAILURE","manual":false,"testSource":"JUnit","result":"FAILURE"}