<?xml version="1.0" encoding="UTF-8"?><testsuite errors="1" failures="0" name="com.virgin.games.testsuite.UserAssertionTest" skipped="0" tests="1" time="0.66" timestamp="2023-06-17T18:31:04.421+01:00[Europe/London]"><testcase classname="com.virgin.games.testsuite.UserAssertionTest" name="Verify the id = 194  have amount 491.73"><error message="No such property: pots for class: java.util.HashMap$Node" type="groovy.lang.MissingPropertyException">No such property: pots for class: java.util.HashMap$Node</error><system-err>No such property: pots for class: java.util.HashMap$Node&#13;
groovy.lang.MetaMethod.doMethodInvoke(MetaMethod.java:325)&#13;
groovy.lang.MetaClassImpl.invokeMethod(MetaClassImpl.java:1022)&#13;
Script1.run(Script1.groovy:1)&#13;
groovy.lang.GroovyShell.evaluate(GroovyShell.java:585)&#13;
groovy.lang.GroovyShell.evaluate(GroovyShell.java:623)&#13;
groovy.lang.GroovyShell.evaluate(GroovyShell.java:594)&#13;
io.restassured.internal.path.json.JSONAssertion.eval(JSONAssertion.groovy:80)&#13;
io.restassured.internal.path.json.JSONAssertion.getAsJsonObject(JSONAssertion.groovy:46)&#13;
io.restassured.internal.path.json.JSONAssertion.getResult(JSONAssertion.groovy:28)&#13;
io.restassured.assertion.BodyMatcher.validate(BodyMatcher.groovy:94)&#13;
groovy.lang.MetaMethod.doMethodInvoke(MetaMethod.java:325)&#13;
groovy.lang.MetaClassImpl.invokeMethod(MetaClassImpl.java:1022)&#13;
groovy.lang.Closure.call(Closure.java:414)&#13;
groovy.lang.Closure.call(Closure.java:430)&#13;
io.restassured.assertion.BodyMatcherGroup.validate(BodyMatcherGroup.groovy:47)&#13;
io.restassured.internal.ResponseSpecificationImpl.validateResponseIfRequired(ResponseSpecificationImpl.groovy:636)&#13;
io.restassured.internal.ResponseSpecificationImpl.content(ResponseSpecificationImpl.groovy:265)&#13;
io.restassured.internal.ResponseSpecificationImpl.body(ResponseSpecificationImpl.groovy:248)&#13;
io.restassured.internal.ValidatableResponseOptionsImpl.body(ValidatableResponseOptionsImpl.java:268)&#13;
com.virgin.games.testsuite.UserAssertionTest.test10(UserAssertionTest.java:40)&#13;
</system-err></testcase></testsuite>