<?xml version="1.0" encoding="UTF-8"?><testsuite errors="0" failures="0" name="com.virgin.games.avirgingametest.GETTestRunner" skipped="0" tests="3" time="7.49" timestamp="2023-06-17T22:16:28.973+01:00[Europe/London]"><testcase classname="com.virgin.games.avirgingametest.GETTestRunner" name="Getting all information where currency is EUR"/><testcase classname="com.virgin.games.avirgingametest.GETTestRunner" name="Getting all pots information where currency is GBP."/><testcase classname="com.virgin.games.avirgingametest.GETTestRunner" name="Getting all information where currency is SEK"/></testsuite>